[ 2016-08-31T11:08:38+08:00 ] ::1 /mywebsite_demo/Public/Home/img/loading.gif
INFO: [ app_init ] --START--
INFO: Run Behavior\BuildLiteBehavior [ RunTime:0.000028s ]
INFO: [ app_init ] --END-- [ RunTime:0.000684s ]
ERR: 无法加载模块:Public

[ 2016-08-31T12:44:02+08:00 ] ::1 /mywebsite_demo/Public/Home/img/loading.gif
INFO: [ app_init ] --START--
INFO: Run Behavior\BuildLiteBehavior [ RunTime:0.000033s ]
INFO: [ app_init ] --END-- [ RunTime:0.000978s ]
ERR: 无法加载模块:Public

[ 2016-08-31T16:21:18+08:00 ] ::1 /mywebsite_demo/Public/Home/img/loading.gif
INFO: [ app_init ] --START--
INFO: Run Behavior\BuildLiteBehavior [ RunTime:0.000043s ]
INFO: [ app_init ] --END-- [ RunTime:0.000826s ]
ERR: 无法加载模块:Public

[ 2016-08-31T17:37:14+08:00 ] ::1 /mywebsite_demo/Public/Home/img/loading.gif
INFO: [ app_init ] --START--
INFO: Run Behavior\BuildLiteBehavior [ RunTime:0.000031s ]
INFO: [ app_init ] --END-- [ RunTime:0.001153s ]
ERR: 无法加载模块:Public

[ 2016-08-31T17:37:28+08:00 ] ::1 /mywebsite_demo/Public/Home/img/loading.gif
INFO: [ app_init ] --START--
INFO: Run Behavior\BuildLiteBehavior [ RunTime:0.000036s ]
INFO: [ app_init ] --END-- [ RunTime:0.000998s ]
ERR: 无法加载模块:Public

[ 2016-08-31T17:37:40+08:00 ] ::1 /mywebsite_demo/Public/Home/img/loading.gif
INFO: [ app_init ] --START--
INFO: Run Behavior\BuildLiteBehavior [ RunTime:0.000118s ]
INFO: [ app_init ] --END-- [ RunTime:0.001461s ]
ERR: 无法加载模块:Public

[ 2016-08-31T17:37:59+08:00 ] ::1 /mywebsite_demo/Public/Home/img/loading.gif
INFO: [ app_init ] --START--
INFO: Run Behavior\BuildLiteBehavior [ RunTime:0.000029s ]
INFO: [ app_init ] --END-- [ RunTime:0.000878s ]
ERR: 无法加载模块:Public

[ 2016-08-31T17:38:17+08:00 ] ::1 /mywebsite_demo/Public/Home/img/loading.gif
INFO: [ app_init ] --START--
INFO: Run Behavior\BuildLiteBehavior [ RunTime:0.000060s ]
INFO: [ app_init ] --END-- [ RunTime:0.003593s ]
ERR: 无法加载模块:Public

[ 2016-08-31T17:40:05+08:00 ] ::1 /mywebsite_demo/Public/Home/img/loading.gif
INFO: [ app_init ] --START--
INFO: Run Behavior\BuildLiteBehavior [ RunTime:0.000034s ]
INFO: [ app_init ] --END-- [ RunTime:0.001448s ]
ERR: 无法加载模块:Public

[ 2016-08-31T17:59:26+08:00 ] ::1 /mywebsite_demo/Public/Home/img/loading.gif
INFO: [ app_init ] --START--
INFO: Run Behavior\BuildLiteBehavior [ RunTime:0.000050s ]
INFO: [ app_init ] --END-- [ RunTime:0.001136s ]
ERR: 无法加载模块:Public

